<?xml version="1.0" encoding="UTF-8"?>
<!-- Generated by org.testng.reporters.JUnitReportReporter -->
<testsuite skipped="0" hostname="DESKTOP-LLBVL6Q" name="FirstFileTest" tests="1" failures="0" timestamp="2020-02-12T11:38:40 EST" time="0.007" errors="0">
  <testcase name="mytest" time="0.007" classname="FirstFileTest"/>
  <system-out/>
</testsuite> <!-- FirstFileTest -->
